<?xml version="1.0" encoding="UTF-8"?>
<!-- Generated by org.testng.reporters.JUnitReportReporter -->
<testsuite hostname="HP-PC" name="com.cucumber.framework.runner.productCategory.TestProductsCountBasedOnColorRunner" tests="1" failures="0" timestamp="2 Jul 2018 17:19:27 GMT" time="102.049" errors="0">
  <testcase name="feature" time="102.049" classname="com.cucumber.framework.runner.productCategory.TestProductsCountBasedOnColorRunner"/>
</testsuite> <!-- com.cucumber.framework.runner.productCategory.TestProductsCountBasedOnColorRunner -->
