<?xml version="1.0" encoding="UTF-8"?>
<!-- Generated by org.testng.reporters.JUnitReportReporter -->
<testsuite hostname="HP-PC" name="com.cucumber.framework.runner.productCategory.TestTotalNumberOfWomenDressProductRunner" tests="1" failures="0" timestamp="19 Feb 2018 06:55:25 GMT" time="15.742" errors="0">
  <testcase name="feature" time="15.742" classname="com.cucumber.framework.runner.productCategory.TestTotalNumberOfWomenDressProductRunner"/>
</testsuite> <!-- com.cucumber.framework.runner.productCategory.TestTotalNumberOfWomenDressProductRunner -->
